2020-11-09 16:56:40.770300: I tensorflow/core/platform/cpu_feature_guard.cc:142] Your CPU supports instructions that this TensorFlow binary was not compiled to use: SSE4.1 SSE4.2 AVX AVX2 AVX512F FMA
2020-11-09 16:56:40.776723: I tensorflow/core/platform/profile_utils/cpu_utils.cc:94] CPU Frequency: 2300000000 Hz
2020-11-09 16:56:40.776851: I tensorflow/compiler/xla/service/service.cc:168] XLA service 0x55db666b78d0 initialized for platform Host (this does not guarantee that XLA will be used). Devices:
2020-11-09 16:56:40.776870: I tensorflow/compiler/xla/service/service.cc:176]   StreamExecutor device (0): Host, Default Version
2020-11-09 16:56:40.778160: I tensorflow/stream_executor/platform/default/dso_loader.cc:44] Successfully opened dynamic library libcuda.so.1
2020-11-09 16:56:40.794943: I tensorflow/core/common_runtime/gpu/gpu_device.cc:1555] Found device 0 with properties: 
pciBusID: 0000:1a:00.0 name: Tesla V100-SXM2-32GB computeCapability: 7.0
coreClock: 1.53GHz coreCount: 80 deviceMemorySize: 31.75GiB deviceMemoryBandwidth: 836.37GiB/s
2020-11-09 16:56:40.795212: I tensorflow/stream_executor/platform/default/dso_loader.cc:44] Successfully opened dynamic library libcudart.so.10.1
2020-11-09 16:56:40.797920: I tensorflow/stream_executor/platform/default/dso_loader.cc:44] Successfully opened dynamic library libcublas.so.10
2020-11-09 16:56:40.800365: I tensorflow/stream_executor/platform/default/dso_loader.cc:44] Successfully opened dynamic library libcufft.so.10
2020-11-09 16:56:40.800755: I tensorflow/stream_executor/platform/default/dso_loader.cc:44] Successfully opened dynamic library libcurand.so.10
2020-11-09 16:56:40.803726: I tensorflow/stream_executor/platform/default/dso_loader.cc:44] Successfully opened dynamic library libcusolver.so.10
2020-11-09 16:56:40.804970: I tensorflow/stream_executor/platform/default/dso_loader.cc:44] Successfully opened dynamic library libcusparse.so.10
2020-11-09 16:56:40.810426: I tensorflow/stream_executor/platform/default/dso_loader.cc:44] Successfully opened dynamic library libcudnn.so.7
2020-11-09 16:56:40.813344: I tensorflow/core/common_runtime/gpu/gpu_device.cc:1697] Adding visible gpu devices: 0
2020-11-09 16:56:40.813387: I tensorflow/stream_executor/platform/default/dso_loader.cc:44] Successfully opened dynamic library libcudart.so.10.1
2020-11-09 16:56:40.964002: I tensorflow/core/common_runtime/gpu/gpu_device.cc:1096] Device interconnect StreamExecutor with strength 1 edge matrix:
2020-11-09 16:56:40.964068: I tensorflow/core/common_runtime/gpu/gpu_device.cc:1102]      0 
2020-11-09 16:56:40.964082: I tensorflow/core/common_runtime/gpu/gpu_device.cc:1115] 0:   N 
2020-11-09 16:56:40.968665: I tensorflow/core/common_runtime/gpu/gpu_device.cc:1241] Created TensorFlow device (/device:GPU:0 with 30300 MB memory) -> physical GPU (device: 0, name: Tesla V100-SXM2-32GB, pci bus id: 0000:1a:00.0, compute capability: 7.0)
2020-11-09 16:56:40.970633: I tensorflow/compiler/xla/service/service.cc:168] XLA service 0x55db67432e70 initialized for platform CUDA (this does not guarantee that XLA will be used). Devices:
2020-11-09 16:56:40.970663: I tensorflow/compiler/xla/service/service.cc:176]   StreamExecutor device (0): Tesla V100-SXM2-32GB, Compute Capability 7.0
2020-11-09 16:56:40.972813: I tensorflow/core/common_runtime/gpu/gpu_device.cc:1555] Found device 0 with properties: 
pciBusID: 0000:1a:00.0 name: Tesla V100-SXM2-32GB computeCapability: 7.0
coreClock: 1.53GHz coreCount: 80 deviceMemorySize: 31.75GiB deviceMemoryBandwidth: 836.37GiB/s
2020-11-09 16:56:40.972882: I tensorflow/stream_executor/platform/default/dso_loader.cc:44] Successfully opened dynamic library libcudart.so.10.1
2020-11-09 16:56:40.972899: I tensorflow/stream_executor/platform/default/dso_loader.cc:44] Successfully opened dynamic library libcublas.so.10
2020-11-09 16:56:40.972913: I tensorflow/stream_executor/platform/default/dso_loader.cc:44] Successfully opened dynamic library libcufft.so.10
2020-11-09 16:56:40.974123: I tensorflow/stream_executor/platform/default/dso_loader.cc:44] Successfully opened dynamic library libcurand.so.10
2020-11-09 16:56:40.974182: I tensorflow/stream_executor/platform/default/dso_loader.cc:44] Successfully opened dynamic library libcusolver.so.10
2020-11-09 16:56:40.974232: I tensorflow/stream_executor/platform/default/dso_loader.cc:44] Successfully opened dynamic library libcusparse.so.10
2020-11-09 16:56:40.974282: I tensorflow/stream_executor/platform/default/dso_loader.cc:44] Successfully opened dynamic library libcudnn.so.7
2020-11-09 16:56:40.977189: I tensorflow/core/common_runtime/gpu/gpu_device.cc:1697] Adding visible gpu devices: 0
2020-11-09 16:56:40.977220: I tensorflow/core/common_runtime/gpu/gpu_device.cc:1096] Device interconnect StreamExecutor with strength 1 edge matrix:
2020-11-09 16:56:40.977231: I tensorflow/core/common_runtime/gpu/gpu_device.cc:1102]      0 
2020-11-09 16:56:40.977239: I tensorflow/core/common_runtime/gpu/gpu_device.cc:1115] 0:   N 
2020-11-09 16:56:40.980052: I tensorflow/core/common_runtime/gpu/gpu_device.cc:1241] Created TensorFlow device (/device:GPU:0 with 30300 MB memory) -> physical GPU (device: 0, name: Tesla V100-SXM2-32GB, pci bus id: 0000:1a:00.0, compute capability: 7.0)
2020-11-09 16:56:40.981741: I tensorflow/core/common_runtime/gpu/gpu_device.cc:1555] Found device 0 with properties: 
pciBusID: 0000:1a:00.0 name: Tesla V100-SXM2-32GB computeCapability: 7.0
coreClock: 1.53GHz coreCount: 80 deviceMemorySize: 31.75GiB deviceMemoryBandwidth: 836.37GiB/s
2020-11-09 16:56:40.981793: I tensorflow/stream_executor/platform/default/dso_loader.cc:44] Successfully opened dynamic library libcudart.so.10.1
2020-11-09 16:56:40.981810: I tensorflow/stream_executor/platform/default/dso_loader.cc:44] Successfully opened dynamic library libcublas.so.10
2020-11-09 16:56:40.981824: I tensorflow/stream_executor/platform/default/dso_loader.cc:44] Successfully opened dynamic library libcufft.so.10
2020-11-09 16:56:40.981837: I tensorflow/stream_executor/platform/default/dso_loader.cc:44] Successfully opened dynamic library libcurand.so.10
2020-11-09 16:56:40.981851: I tensorflow/stream_executor/platform/default/dso_loader.cc:44] Successfully opened dynamic library libcusolver.so.10
2020-11-09 16:56:40.981865: I tensorflow/stream_executor/platform/default/dso_loader.cc:44] Successfully opened dynamic library libcusparse.so.10
2020-11-09 16:56:40.981879: I tensorflow/stream_executor/platform/default/dso_loader.cc:44] Successfully opened dynamic library libcudnn.so.7
2020-11-09 16:56:40.984670: I tensorflow/core/common_runtime/gpu/gpu_device.cc:1697] Adding visible gpu devices: 0
2020-11-09 16:56:40.984695: I tensorflow/core/common_runtime/gpu/gpu_device.cc:1096] Device interconnect StreamExecutor with strength 1 edge matrix:
2020-11-09 16:56:40.984705: I tensorflow/core/common_runtime/gpu/gpu_device.cc:1102]      0 
2020-11-09 16:56:40.984714: I tensorflow/core/common_runtime/gpu/gpu_device.cc:1115] 0:   N 
2020-11-09 16:56:40.987577: I tensorflow/core/common_runtime/gpu/gpu_device.cc:1241] Created TensorFlow device (/device:GPU:0 with 30300 MB memory) -> physical GPU (device: 0, name: Tesla V100-SXM2-32GB, pci bus id: 0000:1a:00.0, compute capability: 7.0)
#############################################
post processing forecast: F114
#############################################
['/device:GPU:0']
#################################################
#################################################
SUCCESS: Found GPU: /device:GPU:0
#################################################
#################################################
We are here: /glade/work/wchapman/AnEn/CNN/Coastal_Points_LogNormal
...Searching...: /glade/scratch/wchapman/AnEnCNN_good/Data/WestCoast/
/glade/scratch/wchapman/Reforecast/F000
/glade/scratch/wchapman/Reforecast/F006
/glade/scratch/wchapman/Reforecast/F012
/glade/scratch/wchapman/Reforecast/F018
/glade/scratch/wchapman/Reforecast/F024
/glade/scratch/wchapman/Reforecast/F030
/glade/scratch/wchapman/Reforecast/F036
/glade/scratch/wchapman/Reforecast/F042
/glade/scratch/wchapman/Reforecast/F048
/glade/scratch/wchapman/Reforecast/F054
/glade/scratch/wchapman/Reforecast/F060
/glade/scratch/wchapman/Reforecast/F066
/glade/scratch/wchapman/Reforecast/F072
/glade/scratch/wchapman/Reforecast/F078
/glade/scratch/wchapman/Reforecast/F084
/glade/scratch/wchapman/Reforecast/F090
/glade/scratch/wchapman/Reforecast/F096
/glade/scratch/wchapman/Reforecast/F102
/glade/scratch/wchapman/Reforecast/F108
/glade/scratch/wchapman/Reforecast/F114
Training on
/glade/scratch/wchapman/Reforecast/F114/train/F114_WY_1985_500mb_Clean.nc
/glade/scratch/wchapman/Reforecast/F114/train/F114_WY_1986_500mb_Clean.nc
/glade/scratch/wchapman/Reforecast/F114/train/F114_WY_1987_500mb_Clean.nc
/glade/scratch/wchapman/Reforecast/F114/train/F114_WY_1988_500mb_Clean.nc
/glade/scratch/wchapman/Reforecast/F114/train/F114_WY_1989_500mb_Clean.nc
/glade/scratch/wchapman/Reforecast/F114/train/F114_WY_1990_500mb_Clean.nc
/glade/scratch/wchapman/Reforecast/F114/train/F114_WY_1991_500mb_Clean.nc
/glade/scratch/wchapman/Reforecast/F114/train/F114_WY_1992_500mb_Clean.nc
/glade/scratch/wchapman/Reforecast/F114/train/F114_WY_1993_500mb_Clean.nc
/glade/scratch/wchapman/Reforecast/F114/train/F114_WY_1994_500mb_Clean.nc
/glade/scratch/wchapman/Reforecast/F114/train/F114_WY_1995_500mb_Clean.nc
/glade/scratch/wchapman/Reforecast/F114/train/F114_WY_1996_500mb_Clean.nc
/glade/scratch/wchapman/Reforecast/F114/train/F114_WY_1997_500mb_Clean.nc
/glade/scratch/wchapman/Reforecast/F114/train/F114_WY_1998_500mb_Clean.nc
/glade/scratch/wchapman/Reforecast/F114/train/F114_WY_1999_500mb_Clean.nc
/glade/scratch/wchapman/Reforecast/F114/train/F114_WY_2000_500mb_Clean.nc
/glade/scratch/wchapman/Reforecast/F114/train/F114_WY_2001_500mb_Clean.nc
/glade/scratch/wchapman/Reforecast/F114/train/F114_WY_2002_500mb_Clean.nc
/glade/scratch/wchapman/Reforecast/F114/train/F114_WY_2003_500mb_Clean.nc
/glade/scratch/wchapman/Reforecast/F114/train/F114_WY_2004_500mb_Clean.nc
/glade/scratch/wchapman/Reforecast/F114/train/F114_WY_2005_500mb_Clean.nc
/glade/scratch/wchapman/Reforecast/F114/train/F114_WY_2006_500mb_Clean.nc
/glade/scratch/wchapman/Reforecast/F114/train/F114_WY_2007_500mb_Clean.nc
/glade/scratch/wchapman/Reforecast/F114/train/F114_WY_2008_500mb_Clean.nc
/glade/scratch/wchapman/Reforecast/F114/train/F114_WY_2009_500mb_Clean.nc
/glade/scratch/wchapman/Reforecast/F114/train/F114_WY_2010_500mb_Clean.nc
/glade/scratch/wchapman/Reforecast/F114/train/F114_WY_2011_500mb_Clean.nc
/glade/scratch/wchapman/Reforecast/F114/train/F114_WY_2012_500mb_Clean.nc
/glade/scratch/wchapman/Reforecast/F114/train/F114_WY_2013_500mb_Clean.nc
/glade/scratch/wchapman/Reforecast/F114/train/F114_WY_2014_500mb_Clean.nc
/glade/scratch/wchapman/Reforecast/F114/train/F114_WY_2015_500mb_Clean.nc
/glade/scratch/wchapman/Reforecast/F114/train/F114_WY_2016_500mb_Clean.nc
Validating on
/glade/scratch/wchapman/Reforecast/F114/validate/F114_WY_2017_500mb_Clean.nc
Testing on
/glade/scratch/wchapman/Reforecast/F114/test/F114_WY_2018_500mb_Clean.nc
['2014', '2015', '2016', '2017', '2018']
trainging yearss ['/glade/scratch/wchapman/Reforecast/F114/train/F114_WY_2014_500mb_Clean.nc', '/glade/scratch/wchapman/Reforecast/F114/train/F114_WY_2015_500mb_Clean.nc', '/glade/scratch/wchapman/Reforecast/F114/train/F114_WY_2016_500mb_Clean.nc', '/glade/scratch/wchapman/Reforecast/F114/validate/F114_WY_2017_500mb_Clean.nc', '/glade/scratch/wchapman/Reforecast/F114/test/F114_WY_2018_500mb_Clean.nc']
Reading data from: "/glade/scratch/wchapman/Reforecast/F114/train/F114_WY_2014_500mb_Clean.nc"...
Reading data from: "/glade/scratch/wchapman/Reforecast/F114/train/F114_WY_2015_500mb_Clean.nc"...
Reading data from: "/glade/scratch/wchapman/Reforecast/F114/train/F114_WY_2016_500mb_Clean.nc"...
Reading data from: "/glade/scratch/wchapman/Reforecast/F114/validate/F114_WY_2017_500mb_Clean.nc"...
Reading data from: "/glade/scratch/wchapman/Reforecast/F114/test/F114_WY_2018_500mb_Clean.nc"...


Mean and standard deviation for "IVT" = 157.7841, 154.4706
Mean and standard deviation for "p_sfc" = 985.2505, 61.8234
Mean and standard deviation for "u_tr_p" = 11.8700, 12.1231
Mean and standard deviation for "v_tr_p" = 1.8700, 13.3040
Mean and standard deviation for "Z_p" = 5580.6375, 200.5106
Mean and standard deviation for "IWV" = 13.4696, 7.8978
2020-11-09 16:56:42.470723: I tensorflow/core/common_runtime/gpu/gpu_device.cc:1555] Found device 0 with properties: 
pciBusID: 0000:1a:00.0 name: Tesla V100-SXM2-32GB computeCapability: 7.0
coreClock: 1.53GHz coreCount: 80 deviceMemorySize: 31.75GiB deviceMemoryBandwidth: 836.37GiB/s
2020-11-09 16:56:42.470829: I tensorflow/stream_executor/platform/default/dso_loader.cc:44] Successfully opened dynamic library libcudart.so.10.1
2020-11-09 16:56:42.470848: I tensorflow/stream_executor/platform/default/dso_loader.cc:44] Successfully opened dynamic library libcublas.so.10
2020-11-09 16:56:42.470862: I tensorflow/stream_executor/platform/default/dso_loader.cc:44] Successfully opened dynamic library libcufft.so.10
2020-11-09 16:56:42.470876: I tensorflow/stream_executor/platform/default/dso_loader.cc:44] Successfully opened dynamic library libcurand.so.10
2020-11-09 16:56:42.470890: I tensorflow/stream_executor/platform/default/dso_loader.cc:44] Successfully opened dynamic library libcusolver.so.10
2020-11-09 16:56:42.470904: I tensorflow/stream_executor/platform/default/dso_loader.cc:44] Successfully opened dynamic library libcusparse.so.10
2020-11-09 16:56:42.470918: I tensorflow/stream_executor/platform/default/dso_loader.cc:44] Successfully opened dynamic library libcudnn.so.7
2020-11-09 16:56:42.473821: I tensorflow/core/common_runtime/gpu/gpu_device.cc:1697] Adding visible gpu devices: 0
2020-11-09 16:56:42.475628: I tensorflow/core/common_runtime/gpu/gpu_device.cc:1555] Found device 0 with properties: 
pciBusID: 0000:1a:00.0 name: Tesla V100-SXM2-32GB computeCapability: 7.0
coreClock: 1.53GHz coreCount: 80 deviceMemorySize: 31.75GiB deviceMemoryBandwidth: 836.37GiB/s
2020-11-09 16:56:42.475679: I tensorflow/stream_executor/platform/default/dso_loader.cc:44] Successfully opened dynamic library libcudart.so.10.1
2020-11-09 16:56:42.475695: I tensorflow/stream_executor/platform/default/dso_loader.cc:44] Successfully opened dynamic library libcublas.so.10
2020-11-09 16:56:42.475709: I tensorflow/stream_executor/platform/default/dso_loader.cc:44] Successfully opened dynamic library libcufft.so.10
2020-11-09 16:56:42.475723: I tensorflow/stream_executor/platform/default/dso_loader.cc:44] Successfully opened dynamic library libcurand.so.10
2020-11-09 16:56:42.475737: I tensorflow/stream_executor/platform/default/dso_loader.cc:44] Successfully opened dynamic library libcusolver.so.10
2020-11-09 16:56:42.475750: I tensorflow/stream_executor/platform/default/dso_loader.cc:44] Successfully opened dynamic library libcusparse.so.10
2020-11-09 16:56:42.475764: I tensorflow/stream_executor/platform/default/dso_loader.cc:44] Successfully opened dynamic library libcudnn.so.7
2020-11-09 16:56:42.478548: I tensorflow/core/common_runtime/gpu/gpu_device.cc:1697] Adding visible gpu devices: 0
2020-11-09 16:56:42.478588: I tensorflow/core/common_runtime/gpu/gpu_device.cc:1096] Device interconnect StreamExecutor with strength 1 edge matrix:
2020-11-09 16:56:42.478598: I tensorflow/core/common_runtime/gpu/gpu_device.cc:1102]      0 
2020-11-09 16:56:42.478607: I tensorflow/core/common_runtime/gpu/gpu_device.cc:1115] 0:   N 
2020-11-09 16:56:42.481426: I tensorflow/core/common_runtime/gpu/gpu_device.cc:1241] Created TensorFlow device (/job:localhost/replica:0/task:0/device:GPU:0 with 30300 MB memory) -> physical GPU (device: 0, name: Tesla V100-SXM2-32GB, pci bus id: 0000:1a:00.0, compute capability: 7.0)
/glade/work/wchapman/miniconda3/envs/tfp/lib/python3.6/site-packages/dask/config.py:168: YAMLLoadWarning: calling yaml.load() without Loader=... is deprecated, as the default Loader is unsafe. Please read https://msg.pyyaml.org/load for full details.
  data = yaml.load(f.read()) or {}
/glade/work/wchapman/AnEn/CNN/Coastal_Points_LogNormal/utilsProb.py:216: RuntimeWarning: invalid value encountered in log
  post_matrix = numpy.log(post_matrix)
Reading data from: "/glade/scratch/wchapman/Reforecast/F114/train/F114_WY_2014_500mb_Clean.nc"...
Reading data from: "/glade/scratch/wchapman/Reforecast/F114/train/F114_WY_2015_500mb_Clean.nc"...
Reading data from: "/glade/scratch/wchapman/Reforecast/F114/train/F114_WY_2016_500mb_Clean.nc"...
Reading data from: "/glade/scratch/wchapman/Reforecast/F114/validate/F114_WY_2017_500mb_Clean.nc"...
Reading data from: "/glade/scratch/wchapman/Reforecast/F114/test/F114_WY_2018_500mb_Clean.nc"...


Mean and standard deviation for "IVTm" = 201.1545, 178.9212
######### ASSEMBLE!!!! ###########
########### DONE!!!! #############
#################################################
testing: ['/glade/scratch/wchapman/Reforecast/F114/validate/F114_WY_2017_500mb_Clean.nc']
validatiing: ['/glade/scratch/wchapman/Reforecast/F114/train/F114_WY_2016_500mb_Clean.nc']
#################################################
Reading data from: "/glade/scratch/wchapman/Reforecast/F114/train/F114_WY_2014_500mb_Clean.nc"...
Reading data from: "/glade/scratch/wchapman/Reforecast/F114/train/F114_WY_2015_500mb_Clean.nc"...
Reading data from: "/glade/scratch/wchapman/Reforecast/F114/test/F114_WY_2018_500mb_Clean.nc"...
Reading data from: "/glade/scratch/wchapman/Reforecast/F114/train/F114_WY_2016_500mb_Clean.nc"...
...gathering data...
Reading data from: "/glade/scratch/wchapman/Reforecast/F114/test/F114_WY_2018_500mb_Clean.nc"...
Reading data from: "/glade/scratch/wchapman/Reforecast/F114/train/F114_WY_2015_500mb_Clean.nc"...
Reading data from: "/glade/scratch/wchapman/Reforecast/F114/train/F114_WY_2014_500mb_Clean.nc"...
Reading data from: "/glade/scratch/wchapman/Reforecast/F114/validate/F114_WY_2017_500mb_Clean.nc"...
Model: "model"
__________________________________________________________________________________________________
Layer (type)                    Output Shape         Param #     Connected to                     
==================================================================================================
input_1 (InputLayer)            [(None, 71, 57, 6)]  0                                            
__________________________________________________________________________________________________
zero_padding2d (ZeroPadding2D)  (None, 72, 60, 6)    0           input_1[0][0]                    
__________________________________________________________________________________________________
downsampling_0_conv_0 (Conv2D)  (None, 72, 60, 16)   880         zero_padding2d[0][0]             
__________________________________________________________________________________________________
downsampling_0_batchnorm_0 (Bat (None, 72, 60, 16)   64          downsampling_0_conv_0[0][0]      
__________________________________________________________________________________________________
downsampling_0_activation_0 (Ac (None, 72, 60, 16)   0           downsampling_0_batchnorm_0[0][0] 
__________________________________________________________________________________________________
downsampling_0_conv_1 (Conv2D)  (None, 72, 60, 16)   2320        downsampling_0_activation_0[0][0]
__________________________________________________________________________________________________
downsampling_0_batchnorm_1 (Bat (None, 72, 60, 16)   64          downsampling_0_conv_1[0][0]      
__________________________________________________________________________________________________
downsampling_0_activation_1 (Ac (None, 72, 60, 16)   0           downsampling_0_batchnorm_1[0][0] 
__________________________________________________________________________________________________
max_pooling2d (MaxPooling2D)    (None, 36, 30, 16)   0           downsampling_0_activation_1[0][0]
__________________________________________________________________________________________________
bottleneck_skip_0 (Conv2D)      (None, 36, 30, 32)   4640        max_pooling2d[0][0]              
__________________________________________________________________________________________________
bottleneck_skip_1 (Conv2D)      (None, 36, 30, 32)   9248        bottleneck_skip_0[0][0]          
__________________________________________________________________________________________________
bottleneck_skip_2 (Conv2D)      (None, 36, 30, 32)   9248        bottleneck_skip_1[0][0]          
__________________________________________________________________________________________________
add (Add)                       (None, 36, 30, 32)   0           bottleneck_skip_0[0][0]          
                                                                 bottleneck_skip_1[0][0]          
                                                                 bottleneck_skip_2[0][0]          
__________________________________________________________________________________________________
upsampling_0_conv_trans_0 (Conv (None, 72, 60, 16)   2064        add[0][0]                        
__________________________________________________________________________________________________
concatenate (Concatenate)       (None, 72, 60, 32)   0           upsampling_0_conv_trans_0[0][0]  
                                                                 downsampling_0_activation_1[0][0]
__________________________________________________________________________________________________
upsampling_0_conv_0 (Conv2D)    (None, 72, 60, 16)   4624        concatenate[0][0]                
__________________________________________________________________________________________________
upsampling_0_activation_0 (Acti (None, 72, 60, 16)   0           upsampling_0_conv_0[0][0]        
__________________________________________________________________________________________________
upsampling_0_conv_1 (Conv2D)    (None, 72, 60, 16)   2320        upsampling_0_activation_0[0][0]  
__________________________________________________________________________________________________
upsampling_0_activation_1 (Acti (None, 72, 60, 16)   0           upsampling_0_conv_1[0][0]        
__________________________________________________________________________________________________
linear (Conv2D)                 (None, 72, 60, 2)    34          upsampling_0_activation_1[0][0]  
__________________________________________________________________________________________________
cropping2d (Cropping2D)         (None, 71, 57, 2)    0           linear[0][0]                     
==================================================================================================
Total params: 35,506
Trainable params: 35,442
Non-trainable params: 64
__________________________________________________________________________________________________
########### model name: /glade/scratch/wchapman/Reforecast/models/NN_CRPS/F114/StartingYear2014/CNN_2017/cpf_CRPS_val_2016_test_2017.ckpt
########### model name: /glade/scratch/wchapman/Reforecast/models/NN_CRPS/F114/StartingYear2014/CNN_2017/cpf_CRPS_val_2016_test_2017.ckpt
Traceback (most recent call last):
  File "/glade/work/wchapman/miniconda3/envs/tfp/lib/python3.6/site-packages/tensorflow_core/python/training/py_checkpoint_reader.py", line 95, in NewCheckpointReader
    return CheckpointReader(compat.as_bytes(filepattern))
RuntimeError: Unsuccessful TensorSliceReader constructor: Failed to find any matching files for /glade/scratch/wchapman/Reforecast/models/NN_CRPS/F114/StartingYear2014/CNN_2017/cpf_CRPS_val_2016_test_2017.ckpt

During handling of the above exception, another exception occurred:

Traceback (most recent call last):
  File "Run_CNN_GatherData_ByYear.py", line 259, in <module>
    model.load_weights(Wsave_name)
  File "/glade/work/wchapman/miniconda3/envs/tfp/lib/python3.6/site-packages/tensorflow_core/python/keras/engine/training.py", line 234, in load_weights
    return super(Model, self).load_weights(filepath, by_name, skip_mismatch)
  File "/glade/work/wchapman/miniconda3/envs/tfp/lib/python3.6/site-packages/tensorflow_core/python/keras/engine/network.py", line 1187, in load_weights
    py_checkpoint_reader.NewCheckpointReader(filepath)
  File "/glade/work/wchapman/miniconda3/envs/tfp/lib/python3.6/site-packages/tensorflow_core/python/training/py_checkpoint_reader.py", line 99, in NewCheckpointReader
    error_translator(e)
  File "/glade/work/wchapman/miniconda3/envs/tfp/lib/python3.6/site-packages/tensorflow_core/python/training/py_checkpoint_reader.py", line 35, in error_translator
    raise errors_impl.NotFoundError(None, None, error_message)
tensorflow.python.framework.errors_impl.NotFoundError: Unsuccessful TensorSliceReader constructor: Failed to find any matching files for /glade/scratch/wchapman/Reforecast/models/NN_CRPS/F114/StartingYear2014/CNN_2017/cpf_CRPS_val_2016_test_2017.ckpt
