2020-11-09 18:15:01.558687: I tensorflow/core/platform/cpu_feature_guard.cc:142] Your CPU supports instructions that this TensorFlow binary was not compiled to use: SSE4.1 SSE4.2 AVX AVX2 AVX512F FMA
2020-11-09 18:15:01.566012: I tensorflow/core/platform/profile_utils/cpu_utils.cc:94] CPU Frequency: 2300000000 Hz
2020-11-09 18:15:01.566191: I tensorflow/compiler/xla/service/service.cc:168] XLA service 0x56175ad01b40 initialized for platform Host (this does not guarantee that XLA will be used). Devices:
2020-11-09 18:15:01.566212: I tensorflow/compiler/xla/service/service.cc:176]   StreamExecutor device (0): Host, Default Version
2020-11-09 18:15:01.567824: I tensorflow/stream_executor/platform/default/dso_loader.cc:44] Successfully opened dynamic library libcuda.so.1
2020-11-09 18:15:01.613491: I tensorflow/core/common_runtime/gpu/gpu_device.cc:1555] Found device 0 with properties: 
pciBusID: 0000:1a:00.0 name: Tesla V100-SXM2-32GB computeCapability: 7.0
coreClock: 1.53GHz coreCount: 80 deviceMemorySize: 31.75GiB deviceMemoryBandwidth: 836.37GiB/s
2020-11-09 18:15:01.625629: I tensorflow/stream_executor/platform/default/dso_loader.cc:44] Successfully opened dynamic library libcudart.so.10.1
2020-11-09 18:15:01.793828: I tensorflow/stream_executor/platform/default/dso_loader.cc:44] Successfully opened dynamic library libcublas.so.10
2020-11-09 18:15:01.850000: I tensorflow/stream_executor/platform/default/dso_loader.cc:44] Successfully opened dynamic library libcufft.so.10
2020-11-09 18:15:01.922152: I tensorflow/stream_executor/platform/default/dso_loader.cc:44] Successfully opened dynamic library libcurand.so.10
2020-11-09 18:15:01.972694: I tensorflow/stream_executor/platform/default/dso_loader.cc:44] Successfully opened dynamic library libcusolver.so.10
2020-11-09 18:15:02.032469: I tensorflow/stream_executor/platform/default/dso_loader.cc:44] Successfully opened dynamic library libcusparse.so.10
2020-11-09 18:15:02.112233: I tensorflow/stream_executor/platform/default/dso_loader.cc:44] Successfully opened dynamic library libcudnn.so.7
2020-11-09 18:15:02.124988: I tensorflow/core/common_runtime/gpu/gpu_device.cc:1697] Adding visible gpu devices: 0
2020-11-09 18:15:02.125139: I tensorflow/stream_executor/platform/default/dso_loader.cc:44] Successfully opened dynamic library libcudart.so.10.1
2020-11-09 18:15:02.414832: I tensorflow/core/common_runtime/gpu/gpu_device.cc:1096] Device interconnect StreamExecutor with strength 1 edge matrix:
2020-11-09 18:15:02.414896: I tensorflow/core/common_runtime/gpu/gpu_device.cc:1102]      0 
2020-11-09 18:15:02.414913: I tensorflow/core/common_runtime/gpu/gpu_device.cc:1115] 0:   N 
2020-11-09 18:15:02.431345: I tensorflow/core/common_runtime/gpu/gpu_device.cc:1241] Created TensorFlow device (/device:GPU:0 with 30300 MB memory) -> physical GPU (device: 0, name: Tesla V100-SXM2-32GB, pci bus id: 0000:1a:00.0, compute capability: 7.0)
2020-11-09 18:15:02.433711: I tensorflow/compiler/xla/service/service.cc:168] XLA service 0x56175ba7d0d0 initialized for platform CUDA (this does not guarantee that XLA will be used). Devices:
2020-11-09 18:15:02.433759: I tensorflow/compiler/xla/service/service.cc:176]   StreamExecutor device (0): Tesla V100-SXM2-32GB, Compute Capability 7.0
2020-11-09 18:15:02.437646: I tensorflow/core/common_runtime/gpu/gpu_device.cc:1555] Found device 0 with properties: 
pciBusID: 0000:1a:00.0 name: Tesla V100-SXM2-32GB computeCapability: 7.0
coreClock: 1.53GHz coreCount: 80 deviceMemorySize: 31.75GiB deviceMemoryBandwidth: 836.37GiB/s
2020-11-09 18:15:02.437755: I tensorflow/stream_executor/platform/default/dso_loader.cc:44] Successfully opened dynamic library libcudart.so.10.1
2020-11-09 18:15:02.437774: I tensorflow/stream_executor/platform/default/dso_loader.cc:44] Successfully opened dynamic library libcublas.so.10
2020-11-09 18:15:02.437789: I tensorflow/stream_executor/platform/default/dso_loader.cc:44] Successfully opened dynamic library libcufft.so.10
2020-11-09 18:15:02.440930: I tensorflow/stream_executor/platform/default/dso_loader.cc:44] Successfully opened dynamic library libcurand.so.10
2020-11-09 18:15:02.440957: I tensorflow/stream_executor/platform/default/dso_loader.cc:44] Successfully opened dynamic library libcusolver.so.10
2020-11-09 18:15:02.440974: I tensorflow/stream_executor/platform/default/dso_loader.cc:44] Successfully opened dynamic library libcusparse.so.10
2020-11-09 18:15:02.440991: I tensorflow/stream_executor/platform/default/dso_loader.cc:44] Successfully opened dynamic library libcudnn.so.7
2020-11-09 18:15:02.453434: I tensorflow/core/common_runtime/gpu/gpu_device.cc:1697] Adding visible gpu devices: 0
2020-11-09 18:15:02.453487: I tensorflow/core/common_runtime/gpu/gpu_device.cc:1096] Device interconnect StreamExecutor with strength 1 edge matrix:
2020-11-09 18:15:02.453500: I tensorflow/core/common_runtime/gpu/gpu_device.cc:1102]      0 
2020-11-09 18:15:02.453509: I tensorflow/core/common_runtime/gpu/gpu_device.cc:1115] 0:   N 
2020-11-09 18:15:02.460945: I tensorflow/core/common_runtime/gpu/gpu_device.cc:1241] Created TensorFlow device (/device:GPU:0 with 30300 MB memory) -> physical GPU (device: 0, name: Tesla V100-SXM2-32GB, pci bus id: 0000:1a:00.0, compute capability: 7.0)
2020-11-09 18:15:02.471119: I tensorflow/core/common_runtime/gpu/gpu_device.cc:1555] Found device 0 with properties: 
pciBusID: 0000:1a:00.0 name: Tesla V100-SXM2-32GB computeCapability: 7.0
coreClock: 1.53GHz coreCount: 80 deviceMemorySize: 31.75GiB deviceMemoryBandwidth: 836.37GiB/s
2020-11-09 18:15:02.471241: I tensorflow/stream_executor/platform/default/dso_loader.cc:44] Successfully opened dynamic library libcudart.so.10.1
2020-11-09 18:15:02.471262: I tensorflow/stream_executor/platform/default/dso_loader.cc:44] Successfully opened dynamic library libcublas.so.10
2020-11-09 18:15:02.471278: I tensorflow/stream_executor/platform/default/dso_loader.cc:44] Successfully opened dynamic library libcufft.so.10
2020-11-09 18:15:02.471294: I tensorflow/stream_executor/platform/default/dso_loader.cc:44] Successfully opened dynamic library libcurand.so.10
2020-11-09 18:15:02.471310: I tensorflow/stream_executor/platform/default/dso_loader.cc:44] Successfully opened dynamic library libcusolver.so.10
2020-11-09 18:15:02.471325: I tensorflow/stream_executor/platform/default/dso_loader.cc:44] Successfully opened dynamic library libcusparse.so.10
2020-11-09 18:15:02.471358: I tensorflow/stream_executor/platform/default/dso_loader.cc:44] Successfully opened dynamic library libcudnn.so.7
2020-11-09 18:15:02.477186: I tensorflow/core/common_runtime/gpu/gpu_device.cc:1697] Adding visible gpu devices: 0
2020-11-09 18:15:02.477257: I tensorflow/core/common_runtime/gpu/gpu_device.cc:1096] Device interconnect StreamExecutor with strength 1 edge matrix:
2020-11-09 18:15:02.477270: I tensorflow/core/common_runtime/gpu/gpu_device.cc:1102]      0 
2020-11-09 18:15:02.477280: I tensorflow/core/common_runtime/gpu/gpu_device.cc:1115] 0:   N 
2020-11-09 18:15:02.487637: I tensorflow/core/common_runtime/gpu/gpu_device.cc:1241] Created TensorFlow device (/device:GPU:0 with 30300 MB memory) -> physical GPU (device: 0, name: Tesla V100-SXM2-32GB, pci bus id: 0000:1a:00.0, compute capability: 7.0)
#############################################
post processing forecast: F006
#############################################
['/device:GPU:0']
#################################################
#################################################
SUCCESS: Found GPU: /device:GPU:0
#################################################
#################################################
We are here: /glade/work/wchapman/AnEn/CNN/Coastal_Points_LogNormal
...Searching...: /glade/scratch/wchapman/AnEnCNN_good/Data/WestCoast/
/glade/scratch/wchapman/Reforecast/F000
/glade/scratch/wchapman/Reforecast/F006
Training on
/glade/scratch/wchapman/Reforecast/F006/train/F006_WY_1985_500mb_Clean.nc
/glade/scratch/wchapman/Reforecast/F006/train/F006_WY_1986_500mb_Clean.nc
/glade/scratch/wchapman/Reforecast/F006/train/F006_WY_1987_500mb_Clean.nc
/glade/scratch/wchapman/Reforecast/F006/train/F006_WY_1988_500mb_Clean.nc
/glade/scratch/wchapman/Reforecast/F006/train/F006_WY_1989_500mb_Clean.nc
/glade/scratch/wchapman/Reforecast/F006/train/F006_WY_1990_500mb_Clean.nc
/glade/scratch/wchapman/Reforecast/F006/train/F006_WY_1991_500mb_Clean.nc
/glade/scratch/wchapman/Reforecast/F006/train/F006_WY_1992_500mb_Clean.nc
/glade/scratch/wchapman/Reforecast/F006/train/F006_WY_1993_500mb_Clean.nc
/glade/scratch/wchapman/Reforecast/F006/train/F006_WY_1994_500mb_Clean.nc
/glade/scratch/wchapman/Reforecast/F006/train/F006_WY_1995_500mb_Clean.nc
/glade/scratch/wchapman/Reforecast/F006/train/F006_WY_1996_500mb_Clean.nc
/glade/scratch/wchapman/Reforecast/F006/train/F006_WY_1997_500mb_Clean.nc
/glade/scratch/wchapman/Reforecast/F006/train/F006_WY_1998_500mb_Clean.nc
/glade/scratch/wchapman/Reforecast/F006/train/F006_WY_1999_500mb_Clean.nc
/glade/scratch/wchapman/Reforecast/F006/train/F006_WY_2000_500mb_Clean.nc
/glade/scratch/wchapman/Reforecast/F006/train/F006_WY_2001_500mb_Clean.nc
/glade/scratch/wchapman/Reforecast/F006/train/F006_WY_2002_500mb_Clean.nc
/glade/scratch/wchapman/Reforecast/F006/train/F006_WY_2003_500mb_Clean.nc
/glade/scratch/wchapman/Reforecast/F006/train/F006_WY_2004_500mb_Clean.nc
/glade/scratch/wchapman/Reforecast/F006/train/F006_WY_2005_500mb_Clean.nc
/glade/scratch/wchapman/Reforecast/F006/train/F006_WY_2006_500mb_Clean.nc
/glade/scratch/wchapman/Reforecast/F006/train/F006_WY_2007_500mb_Clean.nc
/glade/scratch/wchapman/Reforecast/F006/train/F006_WY_2008_500mb_Clean.nc
/glade/scratch/wchapman/Reforecast/F006/train/F006_WY_2009_500mb_Clean.nc
/glade/scratch/wchapman/Reforecast/F006/train/F006_WY_2010_500mb_Clean.nc
/glade/scratch/wchapman/Reforecast/F006/train/F006_WY_2011_500mb_Clean.nc
/glade/scratch/wchapman/Reforecast/F006/train/F006_WY_2012_500mb_Clean.nc
/glade/scratch/wchapman/Reforecast/F006/train/F006_WY_2013_500mb_Clean.nc
/glade/scratch/wchapman/Reforecast/F006/train/F006_WY_2014_500mb_Clean.nc
/glade/scratch/wchapman/Reforecast/F006/train/F006_WY_2015_500mb_Clean.nc
/glade/scratch/wchapman/Reforecast/F006/train/F006_WY_2016_500mb_Clean.nc
Validating on
/glade/scratch/wchapman/Reforecast/F006/validate/F006_WY_2017_500mb_Clean.nc
Testing on
/glade/scratch/wchapman/Reforecast/F006/test/F006_WY_2018_500mb_Clean.nc
['2011', '2012', '2013', '2014', '2015', '2016', '2017', '2018']
trainging yearss ['/glade/scratch/wchapman/Reforecast/F006/train/F006_WY_2011_500mb_Clean.nc', '/glade/scratch/wchapman/Reforecast/F006/train/F006_WY_2012_500mb_Clean.nc', '/glade/scratch/wchapman/Reforecast/F006/train/F006_WY_2013_500mb_Clean.nc', '/glade/scratch/wchapman/Reforecast/F006/train/F006_WY_2014_500mb_Clean.nc', '/glade/scratch/wchapman/Reforecast/F006/train/F006_WY_2015_500mb_Clean.nc', '/glade/scratch/wchapman/Reforecast/F006/train/F006_WY_2016_500mb_Clean.nc', '/glade/scratch/wchapman/Reforecast/F006/validate/F006_WY_2017_500mb_Clean.nc', '/glade/scratch/wchapman/Reforecast/F006/test/F006_WY_2018_500mb_Clean.nc']
Reading data from: "/glade/scratch/wchapman/Reforecast/F006/train/F006_WY_2011_500mb_Clean.nc"...
Reading data from: "/glade/scratch/wchapman/Reforecast/F006/train/F006_WY_2012_500mb_Clean.nc"...
Reading data from: "/glade/scratch/wchapman/Reforecast/F006/train/F006_WY_2013_500mb_Clean.nc"...
Reading data from: "/glade/scratch/wchapman/Reforecast/F006/train/F006_WY_2014_500mb_Clean.nc"...
Reading data from: "/glade/scratch/wchapman/Reforecast/F006/train/F006_WY_2015_500mb_Clean.nc"...
Reading data from: "/glade/scratch/wchapman/Reforecast/F006/train/F006_WY_2016_500mb_Clean.nc"...
Reading data from: "/glade/scratch/wchapman/Reforecast/F006/validate/F006_WY_2017_500mb_Clean.nc"...
Reading data from: "/glade/scratch/wchapman/Reforecast/F006/test/F006_WY_2018_500mb_Clean.nc"...


Mean and standard deviation for "IVT" = 166.7010, 158.9805
Mean and standard deviation for "p_sfc" = 984.3579, 61.9144
Mean and standard deviation for "u_tr_p" = 11.7845, 12.3093
Mean and standard deviation for "v_tr_p" = 1.2254, 13.3764
Mean and standard deviation for "Z_p" = 5587.1654, 201.1781
Mean and standard deviation for "IWV" = 14.0239, 8.0747
2020-11-09 18:15:09.355804: I tensorflow/core/common_runtime/gpu/gpu_device.cc:1555] Found device 0 with properties: 
pciBusID: 0000:1a:00.0 name: Tesla V100-SXM2-32GB computeCapability: 7.0
coreClock: 1.53GHz coreCount: 80 deviceMemorySize: 31.75GiB deviceMemoryBandwidth: 836.37GiB/s
2020-11-09 18:15:09.356957: I tensorflow/stream_executor/platform/default/dso_loader.cc:44] Successfully opened dynamic library libcudart.so.10.1
2020-11-09 18:15:09.356985: I tensorflow/stream_executor/platform/default/dso_loader.cc:44] Successfully opened dynamic library libcublas.so.10
2020-11-09 18:15:09.357001: I tensorflow/stream_executor/platform/default/dso_loader.cc:44] Successfully opened dynamic library libcufft.so.10
2020-11-09 18:15:09.357017: I tensorflow/stream_executor/platform/default/dso_loader.cc:44] Successfully opened dynamic library libcurand.so.10
2020-11-09 18:15:09.357034: I tensorflow/stream_executor/platform/default/dso_loader.cc:44] Successfully opened dynamic library libcusolver.so.10
2020-11-09 18:15:09.357049: I tensorflow/stream_executor/platform/default/dso_loader.cc:44] Successfully opened dynamic library libcusparse.so.10
2020-11-09 18:15:09.357065: I tensorflow/stream_executor/platform/default/dso_loader.cc:44] Successfully opened dynamic library libcudnn.so.7
2020-11-09 18:15:09.362745: I tensorflow/core/common_runtime/gpu/gpu_device.cc:1697] Adding visible gpu devices: 0
2020-11-09 18:15:09.364860: I tensorflow/core/common_runtime/gpu/gpu_device.cc:1555] Found device 0 with properties: 
pciBusID: 0000:1a:00.0 name: Tesla V100-SXM2-32GB computeCapability: 7.0
coreClock: 1.53GHz coreCount: 80 deviceMemorySize: 31.75GiB deviceMemoryBandwidth: 836.37GiB/s
2020-11-09 18:15:09.364935: I tensorflow/stream_executor/platform/default/dso_loader.cc:44] Successfully opened dynamic library libcudart.so.10.1
2020-11-09 18:15:09.364955: I tensorflow/stream_executor/platform/default/dso_loader.cc:44] Successfully opened dynamic library libcublas.so.10
2020-11-09 18:15:09.364971: I tensorflow/stream_executor/platform/default/dso_loader.cc:44] Successfully opened dynamic library libcufft.so.10
2020-11-09 18:15:09.364985: I tensorflow/stream_executor/platform/default/dso_loader.cc:44] Successfully opened dynamic library libcurand.so.10
2020-11-09 18:15:09.365000: I tensorflow/stream_executor/platform/default/dso_loader.cc:44] Successfully opened dynamic library libcusolver.so.10
2020-11-09 18:15:09.365016: I tensorflow/stream_executor/platform/default/dso_loader.cc:44] Successfully opened dynamic library libcusparse.so.10
2020-11-09 18:15:09.365031: I tensorflow/stream_executor/platform/default/dso_loader.cc:44] Successfully opened dynamic library libcudnn.so.7
2020-11-09 18:15:09.369424: I tensorflow/core/common_runtime/gpu/gpu_device.cc:1697] Adding visible gpu devices: 0
2020-11-09 18:15:09.369496: I tensorflow/core/common_runtime/gpu/gpu_device.cc:1096] Device interconnect StreamExecutor with strength 1 edge matrix:
2020-11-09 18:15:09.369509: I tensorflow/core/common_runtime/gpu/gpu_device.cc:1102]      0 
2020-11-09 18:15:09.369519: I tensorflow/core/common_runtime/gpu/gpu_device.cc:1115] 0:   N 
2020-11-09 18:15:09.372709: I tensorflow/core/common_runtime/gpu/gpu_device.cc:1241] Created TensorFlow device (/job:localhost/replica:0/task:0/device:GPU:0 with 30300 MB memory) -> physical GPU (device: 0, name: Tesla V100-SXM2-32GB, pci bus id: 0000:1a:00.0, compute capability: 7.0)
/glade/work/wchapman/miniconda3/envs/tfp/lib/python3.6/site-packages/dask/config.py:168: YAMLLoadWarning: calling yaml.load() without Loader=... is deprecated, as the default Loader is unsafe. Please read https://msg.pyyaml.org/load for full details.
  data = yaml.load(f.read()) or {}
/glade/work/wchapman/AnEn/CNN/Coastal_Points_LogNormal/utilsProb.py:216: RuntimeWarning: invalid value encountered in log
  post_matrix = numpy.log(post_matrix)
Reading data from: "/glade/scratch/wchapman/Reforecast/F006/train/F006_WY_2011_500mb_Clean.nc"...
Reading data from: "/glade/scratch/wchapman/Reforecast/F006/train/F006_WY_2012_500mb_Clean.nc"...
Reading data from: "/glade/scratch/wchapman/Reforecast/F006/train/F006_WY_2013_500mb_Clean.nc"...
Reading data from: "/glade/scratch/wchapman/Reforecast/F006/train/F006_WY_2014_500mb_Clean.nc"...
Reading data from: "/glade/scratch/wchapman/Reforecast/F006/train/F006_WY_2015_500mb_Clean.nc"...
Reading data from: "/glade/scratch/wchapman/Reforecast/F006/train/F006_WY_2016_500mb_Clean.nc"...
Reading data from: "/glade/scratch/wchapman/Reforecast/F006/validate/F006_WY_2017_500mb_Clean.nc"...
Reading data from: "/glade/scratch/wchapman/Reforecast/F006/test/F006_WY_2018_500mb_Clean.nc"...


Mean and standard deviation for "IVTm" = 203.8929, 179.2410
######### ASSEMBLE!!!! ###########
########### DONE!!!! #############
#################################################
testing: ['/glade/scratch/wchapman/Reforecast/F006/validate/F006_WY_2017_500mb_Clean.nc']
validatiing: ['/glade/scratch/wchapman/Reforecast/F006/train/F006_WY_2016_500mb_Clean.nc']
#################################################
Reading data from: "/glade/scratch/wchapman/Reforecast/F006/train/F006_WY_2011_500mb_Clean.nc"...
Reading data from: "/glade/scratch/wchapman/Reforecast/F006/train/F006_WY_2012_500mb_Clean.nc"...
Reading data from: "/glade/scratch/wchapman/Reforecast/F006/train/F006_WY_2013_500mb_Clean.nc"...
Reading data from: "/glade/scratch/wchapman/Reforecast/F006/train/F006_WY_2014_500mb_Clean.nc"...
Reading data from: "/glade/scratch/wchapman/Reforecast/F006/train/F006_WY_2015_500mb_Clean.nc"...
Reading data from: "/glade/scratch/wchapman/Reforecast/F006/test/F006_WY_2018_500mb_Clean.nc"...
Reading data from: "/glade/scratch/wchapman/Reforecast/F006/train/F006_WY_2016_500mb_Clean.nc"...
...gathering data...
Reading data from: "/glade/scratch/wchapman/Reforecast/F006/train/F006_WY_2012_500mb_Clean.nc"...
Reading data from: "/glade/scratch/wchapman/Reforecast/F006/train/F006_WY_2015_500mb_Clean.nc"...
Reading data from: "/glade/scratch/wchapman/Reforecast/F006/train/F006_WY_2011_500mb_Clean.nc"...
Reading data from: "/glade/scratch/wchapman/Reforecast/F006/test/F006_WY_2018_500mb_Clean.nc"...
Reading data from: "/glade/scratch/wchapman/Reforecast/F006/train/F006_WY_2014_500mb_Clean.nc"...
Reading data from: "/glade/scratch/wchapman/Reforecast/F006/train/F006_WY_2013_500mb_Clean.nc"...
Reading data from: "/glade/scratch/wchapman/Reforecast/F006/validate/F006_WY_2017_500mb_Clean.nc"...
Model: "model"
__________________________________________________________________________________________________
Layer (type)                    Output Shape         Param #     Connected to                     
==================================================================================================
input_1 (InputLayer)            [(None, 71, 57, 6)]  0                                            
__________________________________________________________________________________________________
zero_padding2d (ZeroPadding2D)  (None, 72, 60, 6)    0           input_1[0][0]                    
__________________________________________________________________________________________________
downsampling_0_conv_0 (Conv2D)  (None, 72, 60, 16)   880         zero_padding2d[0][0]             
__________________________________________________________________________________________________
downsampling_0_batchnorm_0 (Bat (None, 72, 60, 16)   64          downsampling_0_conv_0[0][0]      
__________________________________________________________________________________________________
downsampling_0_activation_0 (Ac (None, 72, 60, 16)   0           downsampling_0_batchnorm_0[0][0] 
__________________________________________________________________________________________________
downsampling_0_conv_1 (Conv2D)  (None, 72, 60, 16)   2320        downsampling_0_activation_0[0][0]
__________________________________________________________________________________________________
downsampling_0_batchnorm_1 (Bat (None, 72, 60, 16)   64          downsampling_0_conv_1[0][0]      
__________________________________________________________________________________________________
downsampling_0_activation_1 (Ac (None, 72, 60, 16)   0           downsampling_0_batchnorm_1[0][0] 
__________________________________________________________________________________________________
max_pooling2d (MaxPooling2D)    (None, 36, 30, 16)   0           downsampling_0_activation_1[0][0]
__________________________________________________________________________________________________
bottleneck_skip_0 (Conv2D)      (None, 36, 30, 32)   4640        max_pooling2d[0][0]              
__________________________________________________________________________________________________
bottleneck_skip_1 (Conv2D)      (None, 36, 30, 32)   9248        bottleneck_skip_0[0][0]          
__________________________________________________________________________________________________
bottleneck_skip_2 (Conv2D)      (None, 36, 30, 32)   9248        bottleneck_skip_1[0][0]          
__________________________________________________________________________________________________
add (Add)                       (None, 36, 30, 32)   0           bottleneck_skip_0[0][0]          
                                                                 bottleneck_skip_1[0][0]          
                                                                 bottleneck_skip_2[0][0]          
__________________________________________________________________________________________________
upsampling_0_conv_trans_0 (Conv (None, 72, 60, 16)   2064        add[0][0]                        
__________________________________________________________________________________________________
concatenate (Concatenate)       (None, 72, 60, 32)   0           upsampling_0_conv_trans_0[0][0]  
                                                                 downsampling_0_activation_1[0][0]
__________________________________________________________________________________________________
upsampling_0_conv_0 (Conv2D)    (None, 72, 60, 16)   4624        concatenate[0][0]                
__________________________________________________________________________________________________
upsampling_0_activation_0 (Acti (None, 72, 60, 16)   0           upsampling_0_conv_0[0][0]        
__________________________________________________________________________________________________
upsampling_0_conv_1 (Conv2D)    (None, 72, 60, 16)   2320        upsampling_0_activation_0[0][0]  
__________________________________________________________________________________________________
upsampling_0_activation_1 (Acti (None, 72, 60, 16)   0           upsampling_0_conv_1[0][0]        
__________________________________________________________________________________________________
linear (Conv2D)                 (None, 72, 60, 2)    34          upsampling_0_activation_1[0][0]  
__________________________________________________________________________________________________
cropping2d (Cropping2D)         (None, 71, 57, 2)    0           linear[0][0]                     
==================================================================================================
Total params: 35,506
Trainable params: 35,442
Non-trainable params: 64
__________________________________________________________________________________________________
########### model name: /glade/scratch/wchapman/Reforecast/models/NN_CRPS/F006/StartingYear2011/CNN_2017/cpf_CRPS_val_2016_test_2017.ckpt
########### model name: /glade/scratch/wchapman/Reforecast/models/NN_CRPS/F006/StartingYear2011/CNN_2017/cpf_CRPS_val_2016_test_2017.ckpt
Traceback (most recent call last):
  File "/glade/work/wchapman/miniconda3/envs/tfp/lib/python3.6/site-packages/tensorflow_core/python/training/py_checkpoint_reader.py", line 95, in NewCheckpointReader
    return CheckpointReader(compat.as_bytes(filepattern))
RuntimeError: Unsuccessful TensorSliceReader constructor: Failed to find any matching files for /glade/scratch/wchapman/Reforecast/models/NN_CRPS/F006/StartingYear2011/CNN_2017/cpf_CRPS_val_2016_test_2017.ckpt

During handling of the above exception, another exception occurred:

Traceback (most recent call last):
  File "Run_CNN_GatherData_ByYear.py", line 259, in <module>
    model.load_weights(Wsave_name)
  File "/glade/work/wchapman/miniconda3/envs/tfp/lib/python3.6/site-packages/tensorflow_core/python/keras/engine/training.py", line 234, in load_weights
    return super(Model, self).load_weights(filepath, by_name, skip_mismatch)
  File "/glade/work/wchapman/miniconda3/envs/tfp/lib/python3.6/site-packages/tensorflow_core/python/keras/engine/network.py", line 1187, in load_weights
    py_checkpoint_reader.NewCheckpointReader(filepath)
  File "/glade/work/wchapman/miniconda3/envs/tfp/lib/python3.6/site-packages/tensorflow_core/python/training/py_checkpoint_reader.py", line 99, in NewCheckpointReader
    error_translator(e)
  File "/glade/work/wchapman/miniconda3/envs/tfp/lib/python3.6/site-packages/tensorflow_core/python/training/py_checkpoint_reader.py", line 35, in error_translator
    raise errors_impl.NotFoundError(None, None, error_message)
tensorflow.python.framework.errors_impl.NotFoundError: Unsuccessful TensorSliceReader constructor: Failed to find any matching files for /glade/scratch/wchapman/Reforecast/models/NN_CRPS/F006/StartingYear2011/CNN_2017/cpf_CRPS_val_2016_test_2017.ckpt
