2020-11-09 20:25:15.372114: I tensorflow/core/platform/cpu_feature_guard.cc:142] Your CPU supports instructions that this TensorFlow binary was not compiled to use: SSE4.1 SSE4.2 AVX AVX2 AVX512F FMA
2020-11-09 20:25:15.874948: I tensorflow/core/platform/profile_utils/cpu_utils.cc:94] CPU Frequency: 2300000000 Hz
2020-11-09 20:25:15.876384: I tensorflow/compiler/xla/service/service.cc:168] XLA service 0x557fcffe64a0 initialized for platform Host (this does not guarantee that XLA will be used). Devices:
2020-11-09 20:25:15.876422: I tensorflow/compiler/xla/service/service.cc:176]   StreamExecutor device (0): Host, Default Version
2020-11-09 20:25:15.878491: I tensorflow/stream_executor/platform/default/dso_loader.cc:44] Successfully opened dynamic library libcuda.so.1
2020-11-09 20:25:16.003929: I tensorflow/core/common_runtime/gpu/gpu_device.cc:1555] Found device 0 with properties: 
pciBusID: 0000:1a:00.0 name: Tesla V100-SXM2-32GB computeCapability: 7.0
coreClock: 1.53GHz coreCount: 80 deviceMemorySize: 31.75GiB deviceMemoryBandwidth: 836.37GiB/s
2020-11-09 20:25:16.024854: I tensorflow/stream_executor/platform/default/dso_loader.cc:44] Successfully opened dynamic library libcudart.so.10.1
2020-11-09 20:25:16.173555: I tensorflow/stream_executor/platform/default/dso_loader.cc:44] Successfully opened dynamic library libcublas.so.10
2020-11-09 20:25:16.220363: I tensorflow/stream_executor/platform/default/dso_loader.cc:44] Successfully opened dynamic library libcufft.so.10
2020-11-09 20:25:16.344424: I tensorflow/stream_executor/platform/default/dso_loader.cc:44] Successfully opened dynamic library libcurand.so.10
2020-11-09 20:25:16.464518: I tensorflow/stream_executor/platform/default/dso_loader.cc:44] Successfully opened dynamic library libcusolver.so.10
2020-11-09 20:25:16.529329: I tensorflow/stream_executor/platform/default/dso_loader.cc:44] Successfully opened dynamic library libcusparse.so.10
2020-11-09 20:25:16.678896: I tensorflow/stream_executor/platform/default/dso_loader.cc:44] Successfully opened dynamic library libcudnn.so.7
2020-11-09 20:25:16.682267: I tensorflow/core/common_runtime/gpu/gpu_device.cc:1697] Adding visible gpu devices: 0
2020-11-09 20:25:16.682380: I tensorflow/stream_executor/platform/default/dso_loader.cc:44] Successfully opened dynamic library libcudart.so.10.1
2020-11-09 20:25:16.858885: I tensorflow/core/common_runtime/gpu/gpu_device.cc:1096] Device interconnect StreamExecutor with strength 1 edge matrix:
2020-11-09 20:25:16.858939: I tensorflow/core/common_runtime/gpu/gpu_device.cc:1102]      0 
2020-11-09 20:25:16.858969: I tensorflow/core/common_runtime/gpu/gpu_device.cc:1115] 0:   N 
2020-11-09 20:25:16.879982: I tensorflow/core/common_runtime/gpu/gpu_device.cc:1241] Created TensorFlow device (/device:GPU:0 with 30591 MB memory) -> physical GPU (device: 0, name: Tesla V100-SXM2-32GB, pci bus id: 0000:1a:00.0, compute capability: 7.0)
2020-11-09 20:25:16.882560: I tensorflow/compiler/xla/service/service.cc:168] XLA service 0x557fd0d61b10 initialized for platform CUDA (this does not guarantee that XLA will be used). Devices:
2020-11-09 20:25:16.882593: I tensorflow/compiler/xla/service/service.cc:176]   StreamExecutor device (0): Tesla V100-SXM2-32GB, Compute Capability 7.0
2020-11-09 20:25:16.886187: I tensorflow/core/common_runtime/gpu/gpu_device.cc:1555] Found device 0 with properties: 
pciBusID: 0000:1a:00.0 name: Tesla V100-SXM2-32GB computeCapability: 7.0
coreClock: 1.53GHz coreCount: 80 deviceMemorySize: 31.75GiB deviceMemoryBandwidth: 836.37GiB/s
2020-11-09 20:25:16.886270: I tensorflow/stream_executor/platform/default/dso_loader.cc:44] Successfully opened dynamic library libcudart.so.10.1
2020-11-09 20:25:16.886289: I tensorflow/stream_executor/platform/default/dso_loader.cc:44] Successfully opened dynamic library libcublas.so.10
2020-11-09 20:25:16.886304: I tensorflow/stream_executor/platform/default/dso_loader.cc:44] Successfully opened dynamic library libcufft.so.10
2020-11-09 20:25:16.889727: I tensorflow/stream_executor/platform/default/dso_loader.cc:44] Successfully opened dynamic library libcurand.so.10
2020-11-09 20:25:16.889746: I tensorflow/stream_executor/platform/default/dso_loader.cc:44] Successfully opened dynamic library libcusolver.so.10
2020-11-09 20:25:16.889761: I tensorflow/stream_executor/platform/default/dso_loader.cc:44] Successfully opened dynamic library libcusparse.so.10
2020-11-09 20:25:16.889776: I tensorflow/stream_executor/platform/default/dso_loader.cc:44] Successfully opened dynamic library libcudnn.so.7
2020-11-09 20:25:16.894815: I tensorflow/core/common_runtime/gpu/gpu_device.cc:1697] Adding visible gpu devices: 0
2020-11-09 20:25:16.894862: I tensorflow/core/common_runtime/gpu/gpu_device.cc:1096] Device interconnect StreamExecutor with strength 1 edge matrix:
2020-11-09 20:25:16.894873: I tensorflow/core/common_runtime/gpu/gpu_device.cc:1102]      0 
2020-11-09 20:25:16.894884: I tensorflow/core/common_runtime/gpu/gpu_device.cc:1115] 0:   N 
2020-11-09 20:25:16.897902: I tensorflow/core/common_runtime/gpu/gpu_device.cc:1241] Created TensorFlow device (/device:GPU:0 with 30591 MB memory) -> physical GPU (device: 0, name: Tesla V100-SXM2-32GB, pci bus id: 0000:1a:00.0, compute capability: 7.0)
2020-11-09 20:25:16.899788: I tensorflow/core/common_runtime/gpu/gpu_device.cc:1555] Found device 0 with properties: 
pciBusID: 0000:1a:00.0 name: Tesla V100-SXM2-32GB computeCapability: 7.0
coreClock: 1.53GHz coreCount: 80 deviceMemorySize: 31.75GiB deviceMemoryBandwidth: 836.37GiB/s
2020-11-09 20:25:16.899854: I tensorflow/stream_executor/platform/default/dso_loader.cc:44] Successfully opened dynamic library libcudart.so.10.1
2020-11-09 20:25:16.899873: I tensorflow/stream_executor/platform/default/dso_loader.cc:44] Successfully opened dynamic library libcublas.so.10
2020-11-09 20:25:16.899888: I tensorflow/stream_executor/platform/default/dso_loader.cc:44] Successfully opened dynamic library libcufft.so.10
2020-11-09 20:25:16.899904: I tensorflow/stream_executor/platform/default/dso_loader.cc:44] Successfully opened dynamic library libcurand.so.10
2020-11-09 20:25:16.899919: I tensorflow/stream_executor/platform/default/dso_loader.cc:44] Successfully opened dynamic library libcusolver.so.10
2020-11-09 20:25:16.899934: I tensorflow/stream_executor/platform/default/dso_loader.cc:44] Successfully opened dynamic library libcusparse.so.10
2020-11-09 20:25:16.899950: I tensorflow/stream_executor/platform/default/dso_loader.cc:44] Successfully opened dynamic library libcudnn.so.7
2020-11-09 20:25:16.902935: I tensorflow/core/common_runtime/gpu/gpu_device.cc:1697] Adding visible gpu devices: 0
2020-11-09 20:25:16.902970: I tensorflow/core/common_runtime/gpu/gpu_device.cc:1096] Device interconnect StreamExecutor with strength 1 edge matrix:
2020-11-09 20:25:16.902982: I tensorflow/core/common_runtime/gpu/gpu_device.cc:1102]      0 
2020-11-09 20:25:16.902991: I tensorflow/core/common_runtime/gpu/gpu_device.cc:1115] 0:   N 
2020-11-09 20:25:16.906843: I tensorflow/core/common_runtime/gpu/gpu_device.cc:1241] Created TensorFlow device (/device:GPU:0 with 30591 MB memory) -> physical GPU (device: 0, name: Tesla V100-SXM2-32GB, pci bus id: 0000:1a:00.0, compute capability: 7.0)
#############################################
post processing forecast: F054
#############################################
['/device:GPU:0']
#################################################
#################################################
SUCCESS: Found GPU: /device:GPU:0
#################################################
#################################################
We are here: /glade/work/wchapman/AnEn/CNN/Coastal_Points_LogNormal
...Searching...: /glade/scratch/wchapman/AnEnCNN_good/Data/WestCoast/
/glade/scratch/wchapman/Reforecast/F000
/glade/scratch/wchapman/Reforecast/F006
/glade/scratch/wchapman/Reforecast/F012
/glade/scratch/wchapman/Reforecast/F018
/glade/scratch/wchapman/Reforecast/F024
/glade/scratch/wchapman/Reforecast/F030
/glade/scratch/wchapman/Reforecast/F036
/glade/scratch/wchapman/Reforecast/F042
/glade/scratch/wchapman/Reforecast/F048
/glade/scratch/wchapman/Reforecast/F054
Training on
/glade/scratch/wchapman/Reforecast/F054/train/F054_WY_1985_500mb_Clean.nc
/glade/scratch/wchapman/Reforecast/F054/train/F054_WY_1986_500mb_Clean.nc
/glade/scratch/wchapman/Reforecast/F054/train/F054_WY_1987_500mb_Clean.nc
/glade/scratch/wchapman/Reforecast/F054/train/F054_WY_1988_500mb_Clean.nc
/glade/scratch/wchapman/Reforecast/F054/train/F054_WY_1989_500mb_Clean.nc
/glade/scratch/wchapman/Reforecast/F054/train/F054_WY_1990_500mb_Clean.nc
/glade/scratch/wchapman/Reforecast/F054/train/F054_WY_1991_500mb_Clean.nc
/glade/scratch/wchapman/Reforecast/F054/train/F054_WY_1992_500mb_Clean.nc
/glade/scratch/wchapman/Reforecast/F054/train/F054_WY_1993_500mb_Clean.nc
/glade/scratch/wchapman/Reforecast/F054/train/F054_WY_1994_500mb_Clean.nc
/glade/scratch/wchapman/Reforecast/F054/train/F054_WY_1995_500mb_Clean.nc
/glade/scratch/wchapman/Reforecast/F054/train/F054_WY_1996_500mb_Clean.nc
/glade/scratch/wchapman/Reforecast/F054/train/F054_WY_1997_500mb_Clean.nc
/glade/scratch/wchapman/Reforecast/F054/train/F054_WY_1998_500mb_Clean.nc
/glade/scratch/wchapman/Reforecast/F054/train/F054_WY_1999_500mb_Clean.nc
/glade/scratch/wchapman/Reforecast/F054/train/F054_WY_2000_500mb_Clean.nc
/glade/scratch/wchapman/Reforecast/F054/train/F054_WY_2001_500mb_Clean.nc
/glade/scratch/wchapman/Reforecast/F054/train/F054_WY_2002_500mb_Clean.nc
/glade/scratch/wchapman/Reforecast/F054/train/F054_WY_2003_500mb_Clean.nc
/glade/scratch/wchapman/Reforecast/F054/train/F054_WY_2004_500mb_Clean.nc
/glade/scratch/wchapman/Reforecast/F054/train/F054_WY_2005_500mb_Clean.nc
/glade/scratch/wchapman/Reforecast/F054/train/F054_WY_2006_500mb_Clean.nc
/glade/scratch/wchapman/Reforecast/F054/train/F054_WY_2007_500mb_Clean.nc
/glade/scratch/wchapman/Reforecast/F054/train/F054_WY_2008_500mb_Clean.nc
/glade/scratch/wchapman/Reforecast/F054/train/F054_WY_2009_500mb_Clean.nc
/glade/scratch/wchapman/Reforecast/F054/train/F054_WY_2010_500mb_Clean.nc
/glade/scratch/wchapman/Reforecast/F054/train/F054_WY_2011_500mb_Clean.nc
/glade/scratch/wchapman/Reforecast/F054/train/F054_WY_2012_500mb_Clean.nc
/glade/scratch/wchapman/Reforecast/F054/train/F054_WY_2013_500mb_Clean.nc
/glade/scratch/wchapman/Reforecast/F054/train/F054_WY_2014_500mb_Clean.nc
/glade/scratch/wchapman/Reforecast/F054/train/F054_WY_2015_500mb_Clean.nc
/glade/scratch/wchapman/Reforecast/F054/train/F054_WY_2016_500mb_Clean.nc
Validating on
/glade/scratch/wchapman/Reforecast/F054/validate/F054_WY_2017_500mb_Clean.nc
Testing on
/glade/scratch/wchapman/Reforecast/F054/test/F054_WY_2018_500mb_Clean.nc
['2009', '2010', '2011', '2012', '2013', '2014', '2015', '2016', '2017', '2018']
trainging yearss ['/glade/scratch/wchapman/Reforecast/F054/train/F054_WY_2009_500mb_Clean.nc', '/glade/scratch/wchapman/Reforecast/F054/train/F054_WY_2010_500mb_Clean.nc', '/glade/scratch/wchapman/Reforecast/F054/train/F054_WY_2011_500mb_Clean.nc', '/glade/scratch/wchapman/Reforecast/F054/train/F054_WY_2012_500mb_Clean.nc', '/glade/scratch/wchapman/Reforecast/F054/train/F054_WY_2013_500mb_Clean.nc', '/glade/scratch/wchapman/Reforecast/F054/train/F054_WY_2014_500mb_Clean.nc', '/glade/scratch/wchapman/Reforecast/F054/train/F054_WY_2015_500mb_Clean.nc', '/glade/scratch/wchapman/Reforecast/F054/train/F054_WY_2016_500mb_Clean.nc', '/glade/scratch/wchapman/Reforecast/F054/validate/F054_WY_2017_500mb_Clean.nc', '/glade/scratch/wchapman/Reforecast/F054/test/F054_WY_2018_500mb_Clean.nc']
Reading data from: "/glade/scratch/wchapman/Reforecast/F054/train/F054_WY_2009_500mb_Clean.nc"...
Reading data from: "/glade/scratch/wchapman/Reforecast/F054/train/F054_WY_2010_500mb_Clean.nc"...
Reading data from: "/glade/scratch/wchapman/Reforecast/F054/train/F054_WY_2011_500mb_Clean.nc"...
Reading data from: "/glade/scratch/wchapman/Reforecast/F054/train/F054_WY_2012_500mb_Clean.nc"...
Reading data from: "/glade/scratch/wchapman/Reforecast/F054/train/F054_WY_2013_500mb_Clean.nc"...
Reading data from: "/glade/scratch/wchapman/Reforecast/F054/train/F054_WY_2014_500mb_Clean.nc"...
Reading data from: "/glade/scratch/wchapman/Reforecast/F054/train/F054_WY_2015_500mb_Clean.nc"...
Reading data from: "/glade/scratch/wchapman/Reforecast/F054/train/F054_WY_2016_500mb_Clean.nc"...
Reading data from: "/glade/scratch/wchapman/Reforecast/F054/validate/F054_WY_2017_500mb_Clean.nc"...
Reading data from: "/glade/scratch/wchapman/Reforecast/F054/test/F054_WY_2018_500mb_Clean.nc"...


Mean and standard deviation for "IVT" = 156.4913, 148.6565
Mean and standard deviation for "p_sfc" = 984.4867, 62.1152
Mean and standard deviation for "u_tr_p" = 12.0320, 12.3652
Mean and standard deviation for "v_tr_p" = 1.1649, 13.1639
Mean and standard deviation for "Z_p" = 5577.1314, 205.5747
Mean and standard deviation for "IWV" = 13.4499, 7.8121
2020-11-09 20:25:23.944950: I tensorflow/core/common_runtime/gpu/gpu_device.cc:1555] Found device 0 with properties: 
pciBusID: 0000:1a:00.0 name: Tesla V100-SXM2-32GB computeCapability: 7.0
coreClock: 1.53GHz coreCount: 80 deviceMemorySize: 31.75GiB deviceMemoryBandwidth: 836.37GiB/s
2020-11-09 20:25:23.945099: I tensorflow/stream_executor/platform/default/dso_loader.cc:44] Successfully opened dynamic library libcudart.so.10.1
2020-11-09 20:25:23.945120: I tensorflow/stream_executor/platform/default/dso_loader.cc:44] Successfully opened dynamic library libcublas.so.10
2020-11-09 20:25:23.945135: I tensorflow/stream_executor/platform/default/dso_loader.cc:44] Successfully opened dynamic library libcufft.so.10
2020-11-09 20:25:23.945152: I tensorflow/stream_executor/platform/default/dso_loader.cc:44] Successfully opened dynamic library libcurand.so.10
2020-11-09 20:25:23.945168: I tensorflow/stream_executor/platform/default/dso_loader.cc:44] Successfully opened dynamic library libcusolver.so.10
2020-11-09 20:25:23.945186: I tensorflow/stream_executor/platform/default/dso_loader.cc:44] Successfully opened dynamic library libcusparse.so.10
2020-11-09 20:25:23.945201: I tensorflow/stream_executor/platform/default/dso_loader.cc:44] Successfully opened dynamic library libcudnn.so.7
2020-11-09 20:25:23.948268: I tensorflow/core/common_runtime/gpu/gpu_device.cc:1697] Adding visible gpu devices: 0
2020-11-09 20:25:23.969315: I tensorflow/core/common_runtime/gpu/gpu_device.cc:1555] Found device 0 with properties: 
pciBusID: 0000:1a:00.0 name: Tesla V100-SXM2-32GB computeCapability: 7.0
coreClock: 1.53GHz coreCount: 80 deviceMemorySize: 31.75GiB deviceMemoryBandwidth: 836.37GiB/s
2020-11-09 20:25:23.969418: I tensorflow/stream_executor/platform/default/dso_loader.cc:44] Successfully opened dynamic library libcudart.so.10.1
2020-11-09 20:25:23.969438: I tensorflow/stream_executor/platform/default/dso_loader.cc:44] Successfully opened dynamic library libcublas.so.10
2020-11-09 20:25:23.969453: I tensorflow/stream_executor/platform/default/dso_loader.cc:44] Successfully opened dynamic library libcufft.so.10
2020-11-09 20:25:23.969468: I tensorflow/stream_executor/platform/default/dso_loader.cc:44] Successfully opened dynamic library libcurand.so.10
2020-11-09 20:25:23.969483: I tensorflow/stream_executor/platform/default/dso_loader.cc:44] Successfully opened dynamic library libcusolver.so.10
2020-11-09 20:25:23.969498: I tensorflow/stream_executor/platform/default/dso_loader.cc:44] Successfully opened dynamic library libcusparse.so.10
2020-11-09 20:25:23.969514: I tensorflow/stream_executor/platform/default/dso_loader.cc:44] Successfully opened dynamic library libcudnn.so.7
2020-11-09 20:25:23.973886: I tensorflow/core/common_runtime/gpu/gpu_device.cc:1697] Adding visible gpu devices: 0
2020-11-09 20:25:23.973956: I tensorflow/core/common_runtime/gpu/gpu_device.cc:1096] Device interconnect StreamExecutor with strength 1 edge matrix:
2020-11-09 20:25:23.973969: I tensorflow/core/common_runtime/gpu/gpu_device.cc:1102]      0 
2020-11-09 20:25:23.973979: I tensorflow/core/common_runtime/gpu/gpu_device.cc:1115] 0:   N 
2020-11-09 20:25:23.977025: I tensorflow/core/common_runtime/gpu/gpu_device.cc:1241] Created TensorFlow device (/job:localhost/replica:0/task:0/device:GPU:0 with 30591 MB memory) -> physical GPU (device: 0, name: Tesla V100-SXM2-32GB, pci bus id: 0000:1a:00.0, compute capability: 7.0)
/glade/work/wchapman/miniconda3/envs/tfp/lib/python3.6/site-packages/dask/config.py:168: YAMLLoadWarning: calling yaml.load() without Loader=... is deprecated, as the default Loader is unsafe. Please read https://msg.pyyaml.org/load for full details.
  data = yaml.load(f.read()) or {}
/glade/work/wchapman/AnEn/CNN/Coastal_Points_LogNormal/utilsProb.py:216: RuntimeWarning: invalid value encountered in log
  post_matrix = numpy.log(post_matrix)
Reading data from: "/glade/scratch/wchapman/Reforecast/F054/train/F054_WY_2009_500mb_Clean.nc"...
Reading data from: "/glade/scratch/wchapman/Reforecast/F054/train/F054_WY_2010_500mb_Clean.nc"...
Reading data from: "/glade/scratch/wchapman/Reforecast/F054/train/F054_WY_2011_500mb_Clean.nc"...
Reading data from: "/glade/scratch/wchapman/Reforecast/F054/train/F054_WY_2012_500mb_Clean.nc"...
Reading data from: "/glade/scratch/wchapman/Reforecast/F054/train/F054_WY_2013_500mb_Clean.nc"...
Reading data from: "/glade/scratch/wchapman/Reforecast/F054/train/F054_WY_2014_500mb_Clean.nc"...
Reading data from: "/glade/scratch/wchapman/Reforecast/F054/train/F054_WY_2015_500mb_Clean.nc"...
Reading data from: "/glade/scratch/wchapman/Reforecast/F054/train/F054_WY_2016_500mb_Clean.nc"...
Reading data from: "/glade/scratch/wchapman/Reforecast/F054/validate/F054_WY_2017_500mb_Clean.nc"...
Reading data from: "/glade/scratch/wchapman/Reforecast/F054/test/F054_WY_2018_500mb_Clean.nc"...


Mean and standard deviation for "IVTm" = 201.3269, 178.4802
######### ASSEMBLE!!!! ###########
########### DONE!!!! #############
#################################################
testing: ['/glade/scratch/wchapman/Reforecast/F054/validate/F054_WY_2017_500mb_Clean.nc']
validatiing: ['/glade/scratch/wchapman/Reforecast/F054/train/F054_WY_2016_500mb_Clean.nc']
#################################################
Reading data from: "/glade/scratch/wchapman/Reforecast/F054/train/F054_WY_2009_500mb_Clean.nc"...
Reading data from: "/glade/scratch/wchapman/Reforecast/F054/train/F054_WY_2010_500mb_Clean.nc"...
Reading data from: "/glade/scratch/wchapman/Reforecast/F054/train/F054_WY_2011_500mb_Clean.nc"...
Reading data from: "/glade/scratch/wchapman/Reforecast/F054/train/F054_WY_2012_500mb_Clean.nc"...
Reading data from: "/glade/scratch/wchapman/Reforecast/F054/train/F054_WY_2013_500mb_Clean.nc"...
Reading data from: "/glade/scratch/wchapman/Reforecast/F054/train/F054_WY_2014_500mb_Clean.nc"...
Reading data from: "/glade/scratch/wchapman/Reforecast/F054/train/F054_WY_2015_500mb_Clean.nc"...
Reading data from: "/glade/scratch/wchapman/Reforecast/F054/test/F054_WY_2018_500mb_Clean.nc"...
Reading data from: "/glade/scratch/wchapman/Reforecast/F054/train/F054_WY_2016_500mb_Clean.nc"...
...gathering data...
Reading data from: "/glade/scratch/wchapman/Reforecast/F054/train/F054_WY_2013_500mb_Clean.nc"...
Reading data from: "/glade/scratch/wchapman/Reforecast/F054/train/F054_WY_2010_500mb_Clean.nc"...
Reading data from: "/glade/scratch/wchapman/Reforecast/F054/train/F054_WY_2014_500mb_Clean.nc"...
Reading data from: "/glade/scratch/wchapman/Reforecast/F054/train/F054_WY_2015_500mb_Clean.nc"...
Reading data from: "/glade/scratch/wchapman/Reforecast/F054/test/F054_WY_2018_500mb_Clean.nc"...
Reading data from: "/glade/scratch/wchapman/Reforecast/F054/train/F054_WY_2009_500mb_Clean.nc"...
Reading data from: "/glade/scratch/wchapman/Reforecast/F054/train/F054_WY_2012_500mb_Clean.nc"...
Reading data from: "/glade/scratch/wchapman/Reforecast/F054/train/F054_WY_2011_500mb_Clean.nc"...
Reading data from: "/glade/scratch/wchapman/Reforecast/F054/validate/F054_WY_2017_500mb_Clean.nc"...
Model: "model"
__________________________________________________________________________________________________
Layer (type)                    Output Shape         Param #     Connected to                     
==================================================================================================
input_1 (InputLayer)            [(None, 71, 57, 6)]  0                                            
__________________________________________________________________________________________________
zero_padding2d (ZeroPadding2D)  (None, 72, 60, 6)    0           input_1[0][0]                    
__________________________________________________________________________________________________
downsampling_0_conv_0 (Conv2D)  (None, 72, 60, 16)   880         zero_padding2d[0][0]             
__________________________________________________________________________________________________
downsampling_0_batchnorm_0 (Bat (None, 72, 60, 16)   64          downsampling_0_conv_0[0][0]      
__________________________________________________________________________________________________
downsampling_0_activation_0 (Ac (None, 72, 60, 16)   0           downsampling_0_batchnorm_0[0][0] 
__________________________________________________________________________________________________
downsampling_0_conv_1 (Conv2D)  (None, 72, 60, 16)   2320        downsampling_0_activation_0[0][0]
__________________________________________________________________________________________________
downsampling_0_batchnorm_1 (Bat (None, 72, 60, 16)   64          downsampling_0_conv_1[0][0]      
__________________________________________________________________________________________________
downsampling_0_activation_1 (Ac (None, 72, 60, 16)   0           downsampling_0_batchnorm_1[0][0] 
__________________________________________________________________________________________________
max_pooling2d (MaxPooling2D)    (None, 36, 30, 16)   0           downsampling_0_activation_1[0][0]
__________________________________________________________________________________________________
bottleneck_skip_0 (Conv2D)      (None, 36, 30, 32)   4640        max_pooling2d[0][0]              
__________________________________________________________________________________________________
bottleneck_skip_1 (Conv2D)      (None, 36, 30, 32)   9248        bottleneck_skip_0[0][0]          
__________________________________________________________________________________________________
bottleneck_skip_2 (Conv2D)      (None, 36, 30, 32)   9248        bottleneck_skip_1[0][0]          
__________________________________________________________________________________________________
add (Add)                       (None, 36, 30, 32)   0           bottleneck_skip_0[0][0]          
                                                                 bottleneck_skip_1[0][0]          
                                                                 bottleneck_skip_2[0][0]          
__________________________________________________________________________________________________
upsampling_0_conv_trans_0 (Conv (None, 72, 60, 16)   2064        add[0][0]                        
__________________________________________________________________________________________________
concatenate (Concatenate)       (None, 72, 60, 32)   0           upsampling_0_conv_trans_0[0][0]  
                                                                 downsampling_0_activation_1[0][0]
__________________________________________________________________________________________________
upsampling_0_conv_0 (Conv2D)    (None, 72, 60, 16)   4624        concatenate[0][0]                
__________________________________________________________________________________________________
upsampling_0_activation_0 (Acti (None, 72, 60, 16)   0           upsampling_0_conv_0[0][0]        
__________________________________________________________________________________________________
upsampling_0_conv_1 (Conv2D)    (None, 72, 60, 16)   2320        upsampling_0_activation_0[0][0]  
__________________________________________________________________________________________________
upsampling_0_activation_1 (Acti (None, 72, 60, 16)   0           upsampling_0_conv_1[0][0]        
__________________________________________________________________________________________________
linear (Conv2D)                 (None, 72, 60, 2)    34          upsampling_0_activation_1[0][0]  
__________________________________________________________________________________________________
cropping2d (Cropping2D)         (None, 71, 57, 2)    0           linear[0][0]                     
==================================================================================================
Total params: 35,506
Trainable params: 35,442
Non-trainable params: 64
__________________________________________________________________________________________________
########### model name: /glade/scratch/wchapman/Reforecast/models/NN_CRPS/F054/StartingYear2009/CNN_2017/cpf_CRPS_val_2016_test_2017.ckpt
########### model name: /glade/scratch/wchapman/Reforecast/models/NN_CRPS/F054/StartingYear2009/CNN_2017/cpf_CRPS_val_2016_test_2017.ckpt
Traceback (most recent call last):
  File "/glade/work/wchapman/miniconda3/envs/tfp/lib/python3.6/site-packages/tensorflow_core/python/training/py_checkpoint_reader.py", line 95, in NewCheckpointReader
    return CheckpointReader(compat.as_bytes(filepattern))
RuntimeError: Unsuccessful TensorSliceReader constructor: Failed to find any matching files for /glade/scratch/wchapman/Reforecast/models/NN_CRPS/F054/StartingYear2009/CNN_2017/cpf_CRPS_val_2016_test_2017.ckpt

During handling of the above exception, another exception occurred:

Traceback (most recent call last):
  File "Run_CNN_GatherData_ByYear.py", line 259, in <module>
    model.load_weights(Wsave_name)
  File "/glade/work/wchapman/miniconda3/envs/tfp/lib/python3.6/site-packages/tensorflow_core/python/keras/engine/training.py", line 234, in load_weights
    return super(Model, self).load_weights(filepath, by_name, skip_mismatch)
  File "/glade/work/wchapman/miniconda3/envs/tfp/lib/python3.6/site-packages/tensorflow_core/python/keras/engine/network.py", line 1187, in load_weights
    py_checkpoint_reader.NewCheckpointReader(filepath)
  File "/glade/work/wchapman/miniconda3/envs/tfp/lib/python3.6/site-packages/tensorflow_core/python/training/py_checkpoint_reader.py", line 99, in NewCheckpointReader
    error_translator(e)
  File "/glade/work/wchapman/miniconda3/envs/tfp/lib/python3.6/site-packages/tensorflow_core/python/training/py_checkpoint_reader.py", line 35, in error_translator
    raise errors_impl.NotFoundError(None, None, error_message)
tensorflow.python.framework.errors_impl.NotFoundError: Unsuccessful TensorSliceReader constructor: Failed to find any matching files for /glade/scratch/wchapman/Reforecast/models/NN_CRPS/F054/StartingYear2009/CNN_2017/cpf_CRPS_val_2016_test_2017.ckpt
